07/02/202312:56:19 AM: INFO: ******* TEST_001*********
07/02/202312:56:19 AM: INFO: *****VERIFY TITLE*****
07/02/202312:56:23 AM: INFO: *****VERIFY TITLE PASS*****
07/02/202312:56:40 AM: INFO: ************** LOGIN TEST PASSED ************
07/03/202301:28:33 PM: INFO: ******* TEST_001*********
07/03/202301:28:33 PM: INFO: *****VERIFY TITLE*****
07/03/202301:28:36 PM: INFO: *****VERIFY TITLE PASS*****
07/03/202301:28:54 PM: INFO: ************** LOGIN TEST PASSED ************
07/03/202305:38:52 PM: INFO: ******* TEST_001*********
07/03/202305:38:52 PM: INFO: *****VERIFY TITLE*****
07/03/202305:38:57 PM: INFO: *****VERIFY TITLE PASS*****
07/03/202305:38:59 PM: INFO: ************** VERIFY LOGIN TEST ************
07/03/202305:39:22 PM: INFO: ************** LOGIN TEST PASSED ************
07/03/202305:39:53 PM: INFO: ******* TEST_001*********
07/03/202305:39:53 PM: INFO: *****VERIFY TITLE*****
07/03/202305:39:56 PM: INFO: *****VERIFY TITLE PASS*****
07/03/202305:39:57 PM: INFO: ************** VERIFY LOGIN TEST ************
07/03/202305:40:27 PM: INFO: ************** LOGIN TEST PASSED ************
07/03/202305:41:20 PM: INFO: ******* TEST_001*********
07/03/202305:41:20 PM: INFO: *****VERIFY TITLE*****
07/03/202305:41:23 PM: INFO: *****VERIFY TITLE PASS*****
07/03/202305:41:24 PM: INFO: ************** VERIFY LOGIN TEST ************
07/03/202305:42:05 PM: INFO: ************** LOGIN TEST PASSED ************
07/03/202305:50:36 PM: INFO: ******* TEST_001*********
07/03/202305:50:36 PM: INFO: *****VERIFY TITLE*****
07/03/202305:50:39 PM: INFO: *****VERIFY TITLE PASS*****
07/03/202305:50:41 PM: INFO: ************** VERIFY LOGIN TEST ************
07/03/202305:50:55 PM: INFO: ************** LOGIN TEST PASSED ************
07/03/202308:32:36 PM: INFO: ******* TEST_001*********
07/03/202308:32:36 PM: INFO: *****VERIFY TITLE*****
07/03/202308:32:39 PM: INFO: *****VERIFY TITLE PASS*****
07/03/202308:32:41 PM: INFO: ************** VERIFY LOGIN TEST ************
07/03/202308:32:56 PM: INFO: ************** LOGIN TEST PASSED ************
07/03/202308:34:47 PM: INFO: *********** TEST 002 DATA DRIVEN TESTING************
07/03/202308:34:47 PM: INFO: ************** VERIFY LOGIN TEST ************
07/03/202308:34:58 PM: INFO: ****PASSED*******
07/03/202308:38:28 PM: INFO: *********** TEST 002 DATA DRIVEN TESTING************
07/03/202308:38:28 PM: INFO: ************** VERIFY LOGIN TEST ************
07/03/202308:38:40 PM: INFO: ****PASSED*******
07/03/202308:38:42 PM: INFO: **LOGIN DATA DRIVEN TEST PASSED**
07/03/202308:43:58 PM: INFO: *********** TEST 002 DATA DRIVEN TESTING************
07/03/202308:43:58 PM: INFO: ************** VERIFY LOGIN TEST ************
07/03/202308:44:11 PM: INFO: ****PASSED*******
07/03/202308:44:18 PM: INFO: ****passsed******
07/03/202308:50:38 PM: INFO: *********** TEST 002 DATA DRIVEN TESTING************
07/03/202308:50:38 PM: INFO: ************** VERIFY LOGIN TEST ************
07/03/202308:50:49 PM: INFO: ****PASSED*******
07/03/202308:50:55 PM: INFO: ****passsed******
07/03/202308:54:03 PM: INFO: *********** TEST 002 DATA DRIVEN TESTING************
07/03/202308:54:03 PM: INFO: ************** VERIFY LOGIN TEST ************
07/03/202308:54:17 PM: INFO: ****PASSED*******
07/03/202308:54:25 PM: INFO: ****passsed******
07/03/202309:00:45 PM: INFO: *********** TEST 002 DATA DRIVEN TESTING************
07/03/202309:00:45 PM: INFO: ************** VERIFY LOGIN TEST ************
07/03/202309:01:02 PM: INFO: ****PASSED*******
07/03/202309:17:08 PM: INFO: *********** TEST 002 DATA DRIVEN TESTING************
07/03/202309:17:08 PM: INFO: ************** VERIFY LOGIN TEST ************
07/03/202309:17:22 PM: INFO: ****PASSED*******
07/04/202312:05:52 PM: INFO: ******* TEST_001*********
07/04/202312:05:52 PM: INFO: *****VERIFY TITLE*****
07/04/202312:05:56 PM: INFO: *****VERIFY TITLE PASS*****
07/04/202312:05:58 PM: INFO: ************** VERIFY LOGIN TEST ************
07/04/202312:06:11 PM: INFO: ************** LOGIN TEST PASSED ************
07/04/202312:07:25 PM: INFO: *********** TEST 002 DATA DRIVEN TESTING************
07/04/202312:07:25 PM: INFO: ************** VERIFY LOGIN TEST ************
07/04/202312:07:38 PM: INFO: ****PASSED*******
07/04/202312:21:49 PM: INFO: *********** TEST 002 DATA DRIVEN TESTING************
07/04/202312:21:49 PM: INFO: ************** VERIFY LOGIN TEST ************
07/04/202312:22:07 PM: INFO: ****PASSED*******
07/04/202312:23:02 PM: INFO: *********** TEST 002 DATA DRIVEN TESTING************
07/04/202312:23:02 PM: INFO: ************** VERIFY LOGIN TEST ************
07/04/202312:23:21 PM: INFO: ****PASSED*******
